I tensorflow/stream_executor/dso_loader.cc:108] successfully opened CUDA library libcublas.so locally
I tensorflow/stream_executor/dso_loader.cc:108] successfully opened CUDA library libcudnn.so locally
I tensorflow/stream_executor/dso_loader.cc:108] successfully opened CUDA library libcufft.so locally
I tensorflow/stream_executor/dso_loader.cc:108] successfully opened CUDA library libcuda.so.1 locally
I tensorflow/stream_executor/dso_loader.cc:108] successfully opened CUDA library libcurand.so locally
I tensorflow/core/common_runtime/gpu/gpu_init.cc:102] Found device 0 with properties: 
name: Tesla K80
major: 3 minor: 7 memoryClockRate (GHz) 0.8235
pciBusID 0000:05:00.0
Total memory: 11.25GiB
Free memory: 11.13GiB
W tensorflow/stream_executor/cuda/cuda_driver.cc:572] creating context when one is currently active; existing: 0x6842990
I tensorflow/core/common_runtime/gpu/gpu_init.cc:102] Found device 1 with properties: 
name: Tesla K80
major: 3 minor: 7 memoryClockRate (GHz) 0.8235
pciBusID 0000:06:00.0
Total memory: 11.25GiB
Free memory: 11.13GiB
W tensorflow/stream_executor/cuda/cuda_driver.cc:572] creating context when one is currently active; existing: 0x82488d0
I tensorflow/core/common_runtime/gpu/gpu_init.cc:102] Found device 2 with properties: 
name: Tesla K80
major: 3 minor: 7 memoryClockRate (GHz) 0.8235
pciBusID 0000:09:00.0
Total memory: 11.25GiB
Free memory: 11.13GiB
W tensorflow/stream_executor/cuda/cuda_driver.cc:572] creating context when one is currently active; existing: 0x865f690
I tensorflow/core/common_runtime/gpu/gpu_init.cc:102] Found device 3 with properties: 
name: Tesla K80
major: 3 minor: 7 memoryClockRate (GHz) 0.8235
pciBusID 0000:0a:00.0
Total memory: 11.25GiB
Free memory: 11.13GiB
W tensorflow/stream_executor/cuda/cuda_driver.cc:572] creating context when one is currently active; existing: 0x8a7d4a0
I tensorflow/core/common_runtime/gpu/gpu_init.cc:102] Found device 4 with properties: 
name: Tesla K80
major: 3 minor: 7 memoryClockRate (GHz) 0.8235
pciBusID 0000:84:00.0
Total memory: 11.25GiB
Free memory: 11.13GiB
W tensorflow/stream_executor/cuda/cuda_driver.cc:572] creating context when one is currently active; existing: 0x8e9e740
I tensorflow/core/common_runtime/gpu/gpu_init.cc:102] Found device 5 with properties: 
name: Tesla K80
major: 3 minor: 7 memoryClockRate (GHz) 0.8235
pciBusID 0000:85:00.0
Total memory: 11.25GiB
Free memory: 11.13GiB
W tensorflow/stream_executor/cuda/cuda_driver.cc:572] creating context when one is currently active; existing: 0x92c35e0
I tensorflow/core/common_runtime/gpu/gpu_init.cc:102] Found device 6 with properties: 
name: Tesla K80
major: 3 minor: 7 memoryClockRate (GHz) 0.8235
pciBusID 0000:88:00.0
Total memory: 11.25GiB
Free memory: 11.13GiB
W tensorflow/stream_executor/cuda/cuda_driver.cc:572] creating context when one is currently active; existing: 0x96ec2d0
I tensorflow/core/common_runtime/gpu/gpu_init.cc:102] Found device 7 with properties: 
name: Tesla K80
major: 3 minor: 7 memoryClockRate (GHz) 0.8235
pciBusID 0000:89:00.0
Total memory: 11.25GiB
Free memory: 11.13GiB
I tensorflow/core/common_runtime/gpu/gpu_init.cc:59] cannot enable peer access from device ordinal 0 to device ordinal 4
I tensorflow/core/common_runtime/gpu/gpu_init.cc:59] cannot enable peer access from device ordinal 0 to device ordinal 5
I tensorflow/core/common_runtime/gpu/gpu_init.cc:59] cannot enable peer access from device ordinal 0 to device ordinal 6
I tensorflow/core/common_runtime/gpu/gpu_init.cc:59] cannot enable peer access from device ordinal 0 to device ordinal 7
I tensorflow/core/common_runtime/gpu/gpu_init.cc:59] cannot enable peer access from device ordinal 1 to device ordinal 4
I tensorflow/core/common_runtime/gpu/gpu_init.cc:59] cannot enable peer access from device ordinal 1 to device ordinal 5
I tensorflow/core/common_runtime/gpu/gpu_init.cc:59] cannot enable peer access from device ordinal 1 to device ordinal 6
I tensorflow/core/common_runtime/gpu/gpu_init.cc:59] cannot enable peer access from device ordinal 1 to device ordinal 7
I tensorflow/core/common_runtime/gpu/gpu_init.cc:59] cannot enable peer access from device ordinal 2 to device ordinal 4
I tensorflow/core/common_runtime/gpu/gpu_init.cc:59] cannot enable peer access from device ordinal 2 to device ordinal 5
I tensorflow/core/common_runtime/gpu/gpu_init.cc:59] cannot enable peer access from device ordinal 2 to device ordinal 6
I tensorflow/core/common_runtime/gpu/gpu_init.cc:59] cannot enable peer access from device ordinal 2 to device ordinal 7
I tensorflow/core/common_runtime/gpu/gpu_init.cc:59] cannot enable peer access from device ordinal 3 to device ordinal 4
I tensorflow/core/common_runtime/gpu/gpu_init.cc:59] cannot enable peer access from device ordinal 3 to device ordinal 5
I tensorflow/core/common_runtime/gpu/gpu_init.cc:59] cannot enable peer access from device ordinal 3 to device ordinal 6
I tensorflow/core/common_runtime/gpu/gpu_init.cc:59] cannot enable peer access from device ordinal 3 to device ordinal 7
I tensorflow/core/common_runtime/gpu/gpu_init.cc:59] cannot enable peer access from device ordinal 4 to device ordinal 0
I tensorflow/core/common_runtime/gpu/gpu_init.cc:59] cannot enable peer access from device ordinal 4 to device ordinal 1
I tensorflow/core/common_runtime/gpu/gpu_init.cc:59] cannot enable peer access from device ordinal 4 to device ordinal 2
I tensorflow/core/common_runtime/gpu/gpu_init.cc:59] cannot enable peer access from device ordinal 4 to device ordinal 3
I tensorflow/core/common_runtime/gpu/gpu_init.cc:59] cannot enable peer access from device ordinal 5 to device ordinal 0
I tensorflow/core/common_runtime/gpu/gpu_init.cc:59] cannot enable peer access from device ordinal 5 to device ordinal 1
I tensorflow/core/common_runtime/gpu/gpu_init.cc:59] cannot enable peer access from device ordinal 5 to device ordinal 2
I tensorflow/core/common_runtime/gpu/gpu_init.cc:59] cannot enable peer access from device ordinal 5 to device ordinal 3
I tensorflow/core/common_runtime/gpu/gpu_init.cc:59] cannot enable peer access from device ordinal 6 to device ordinal 0
I tensorflow/core/common_runtime/gpu/gpu_init.cc:59] cannot enable peer access from device ordinal 6 to device ordinal 1
I tensorflow/core/common_runtime/gpu/gpu_init.cc:59] cannot enable peer access from device ordinal 6 to device ordinal 2
I tensorflow/core/common_runtime/gpu/gpu_init.cc:59] cannot enable peer access from device ordinal 6 to device ordinal 3
I tensorflow/core/common_runtime/gpu/gpu_init.cc:59] cannot enable peer access from device ordinal 7 to device ordinal 0
I tensorflow/core/common_runtime/gpu/gpu_init.cc:59] cannot enable peer access from device ordinal 7 to device ordinal 1
I tensorflow/core/common_runtime/gpu/gpu_init.cc:59] cannot enable peer access from device ordinal 7 to device ordinal 2
I tensorflow/core/common_runtime/gpu/gpu_init.cc:59] cannot enable peer access from device ordinal 7 to device ordinal 3
I tensorflow/core/common_runtime/gpu/gpu_init.cc:126] DMA: 0 1 2 3 4 5 6 7 
I tensorflow/core/common_runtime/gpu/gpu_init.cc:136] 0:   Y Y Y Y N N N N 
I tensorflow/core/common_runtime/gpu/gpu_init.cc:136] 1:   Y Y Y Y N N N N 
I tensorflow/core/common_runtime/gpu/gpu_init.cc:136] 2:   Y Y Y Y N N N N 
I tensorflow/core/common_runtime/gpu/gpu_init.cc:136] 3:   Y Y Y Y N N N N 
I tensorflow/core/common_runtime/gpu/gpu_init.cc:136] 4:   N N N N Y Y Y Y 
I tensorflow/core/common_runtime/gpu/gpu_init.cc:136] 5:   N N N N Y Y Y Y 
I tensorflow/core/common_runtime/gpu/gpu_init.cc:136] 6:   N N N N Y Y Y Y 
I tensorflow/core/common_runtime/gpu/gpu_init.cc:136] 7:   N N N N Y Y Y Y 
I tensorflow/core/common_runtime/gpu/gpu_device.cc:839] Creating TensorFlow device (/gpu:0) -> (device: 0, name: Tesla K80, pci bus id: 0000:05:00.0)
I tensorflow/core/common_runtime/gpu/gpu_device.cc:839] Creating TensorFlow device (/gpu:1) -> (device: 1, name: Tesla K80, pci bus id: 0000:06:00.0)
I tensorflow/core/common_runtime/gpu/gpu_device.cc:839] Creating TensorFlow device (/gpu:2) -> (device: 2, name: Tesla K80, pci bus id: 0000:09:00.0)
I tensorflow/core/common_runtime/gpu/gpu_device.cc:839] Creating TensorFlow device (/gpu:3) -> (device: 3, name: Tesla K80, pci bus id: 0000:0a:00.0)
I tensorflow/core/common_runtime/gpu/gpu_device.cc:839] Creating TensorFlow device (/gpu:4) -> (device: 4, name: Tesla K80, pci bus id: 0000:84:00.0)
I tensorflow/core/common_runtime/gpu/gpu_device.cc:839] Creating TensorFlow device (/gpu:5) -> (device: 5, name: Tesla K80, pci bus id: 0000:85:00.0)
I tensorflow/core/common_runtime/gpu/gpu_device.cc:839] Creating TensorFlow device (/gpu:6) -> (device: 6, name: Tesla K80, pci bus id: 0000:88:00.0)
I tensorflow/core/common_runtime/gpu/gpu_device.cc:839] Creating TensorFlow device (/gpu:7) -> (device: 7, name: Tesla K80, pci bus id: 0000:89:00.0)
I tensorflow/core/common_runtime/gpu/pool_allocator.cc:244] PoolAllocator: After 1912 get requests, put_count=1623 evicted_count=1000 eviction_rate=0.616143 and unsatisfied allocation rate=0.726464
I tensorflow/core/common_runtime/gpu/pool_allocator.cc:256] Raising pool_size_limit_ from 100 to 110
I tensorflow/core/common_runtime/gpu/pool_allocator.cc:244] PoolAllocator: After 1910 get requests, put_count=1771 evicted_count=1000 eviction_rate=0.564653 and unsatisfied allocation rate=0.60733
I tensorflow/core/common_runtime/gpu/pool_allocator.cc:256] Raising pool_size_limit_ from 233 to 256
I tensorflow/core/common_runtime/gpu/pool_allocator.cc:244] PoolAllocator: After 3824 get requests, put_count=3176 evicted_count=1000 eviction_rate=0.314861 and unsatisfied allocation rate=0.443776
I tensorflow/core/common_runtime/gpu/pool_allocator.cc:256] Raising pool_size_limit_ from 542 to 596
Training ResNet_imagenet model
Variables are initialized
<Thread(Thread-1, started daemon 139823792776960)>
<Thread(Thread-2, started daemon 139823784384256)>
<Thread(Thread-3, started daemon 139823775991552)>
<Thread(Thread-4, started daemon 139823767598848)>
<Thread(Thread-5, started daemon 139823759206144)>
<Thread(Thread-6, started daemon 139823750813440)>
<Thread(Thread-7, started daemon 139823532734208)>
<Thread(Thread-8, started daemon 139823524341504)>
<Thread(Thread-9, started daemon 139823515948800)>
<Thread(Thread-10, started daemon 139823507556096)>
<Thread(Thread-11, started daemon 139823499163392)>
<Thread(Thread-12, started daemon 139823490770688)>
<Thread(Thread-13, started daemon 139823482377984)>
<Thread(Thread-14, started daemon 139822190556928)>
<Thread(Thread-15, started daemon 139822182164224)>
<Thread(Thread-16, started daemon 139822173771520)>
<Thread(Thread-17, started daemon 139822165378816)>
<Thread(Thread-18, started daemon 139822156986112)>
<Thread(Thread-19, started daemon 139822148593408)>
<Thread(Thread-20, started daemon 139822140200704)>
<Thread(Thread-21, started daemon 139821586577152)>
<Thread(Thread-22, started daemon 139821578184448)>
<Thread(Thread-23, started daemon 139821569791744)>
<Thread(Thread-24, started daemon 139821561399040)>
<Thread(Thread-25, started daemon 139821553006336)>
<Thread(Thread-26, started daemon 139821544613632)>
<Thread(Thread-27, started daemon 139821536220928)>
<Thread(Thread-28, started daemon 139821049706240)>
<Thread(Thread-29, started daemon 139821041313536)>
<Thread(Thread-30, started daemon 139821032920832)>
<Thread(Thread-31, started daemon 139821024528128)>
<Thread(Thread-32, started daemon 139821016135424)>
<Thread(Thread-33, started daemon 139821007742720)>
<Thread(Thread-36, started daemon 139820504442624)>
<Thread(Thread-37, started daemon 139820496049920)>
<Thread(Thread-38, started daemon 139820487657216)>
<Thread(Thread-39, started daemon 139820479264512)>
<Thread(Thread-40, started daemon 139820470871808)>
<Thread(Thread-41, started daemon 139820462479104)>
<Thread(Thread-42, started daemon 139819975964416)>
<Thread(Thread-43, started daemon 139819967571712)>
<Thread(Thread-44, started daemon 139819959179008)>
<Thread(Thread-45, started daemon 139819950786304)>
<Thread(Thread-46, started daemon 139819942393600)>
<Thread(Thread-47, started daemon 139819934000896)>
<Thread(Thread-48, started daemon 139819925608192)>
<Thread(Thread-49, started daemon 139819439093504)>
<Thread(Thread-50, started daemon 139819430700800)>
<Thread(Thread-51, started daemon 139819422308096)>
<Thread(Thread-52, started daemon 139819413915392)>
<Thread(Thread-53, started daemon 139819405522688)>
<Thread(Thread-54, started daemon 139819397129984)>
<Thread(Thread-55, started daemon 139819388737280)>
<Thread(Thread-56, started daemon 139818902222592)>
<Thread(Thread-57, started daemon 139818893829888)>
<Thread(Thread-58, started daemon 139818885437184)>
<Thread(Thread-59, started daemon 139818877044480)>
<Thread(Thread-60, started daemon 139818868651776)>
<Thread(Thread-61, started daemon 139818860259072)>
<Thread(Thread-62, started daemon 139818851866368)>
<Thread(Thread-63, started daemon 139818365351680)>
<Thread(Thread-64, started daemon 139818356958976)>
<Thread(Thread-65, started daemon 139818348566272)>
<Thread(Thread-66, started daemon 139818340173568)>
<Thread(Thread-67, started daemon 139818331780864)>
<Thread(Thread-68, started daemon 139818323388160)>
step 4, cross_entropy 396.572
step 9, cross_entropy 253.48
step 14, cross_entropy 237.075
step 19, cross_entropy 225.367
step 24, cross_entropy 214.143
step 29, cross_entropy 203.518
test accuracy 0
step 34, cross_entropy 193.595
step 39, cross_entropy 184.608
step 44, cross_entropy 175.243
Enter username for sloo.com at sloo.com: step 49, cross_entropy 166.539
step 54, cross_entropy 158.501
step 59, cross_entropy 151.007
test accuracy 0
step 64, cross_entropy 143.796
step 69, cross_entropy 136.969
step 74, cross_entropy 130.462
step 79, cross_entropy 124.116
step 84, cross_entropy 118.371
step 89, cross_entropy 112.642
test accuracy 0
step 94, cross_entropy 107.325
step 99, cross_entropy 102.393
step 104, cross_entropy 97.5214
step 109, cross_entropy 92.9422
step 114, cross_entropy 88.5188
step 119, cross_entropy 84.36
test accuracy 0
step 124, cross_entropy 80.4361
step 129, cross_entropy 76.7846
step 134, cross_entropy 73.0581
step 139, cross_entropy 69.7401
step 144, cross_entropy 66.5715
step 149, cross_entropy 63.5307
test accuracy 0
step 154, cross_entropy 60.6731
step 159, cross_entropy 57.7232
step 164, cross_entropy 55.0793
step 169, cross_entropy 52.5786
step 174, cross_entropy 50.2436
step 179, cross_entropy 47.977
test accuracy 0.0625
step 184, cross_entropy 45.9242
step 189, cross_entropy 43.9035
step 194, cross_entropy 41.8098
step 199, cross_entropy 39.9774
step 204, cross_entropy 38.2723
step 209, cross_entropy 36.4991
test accuracy 0
step 214, cross_entropy 35.0286
step 219, cross_entropy 33.4716
step 224, cross_entropy 32.0109
step 229, cross_entropy 30.6069
step 234, cross_entropy 29.3124
step 239, cross_entropy 28.1772
test accuracy 0
step 244, cross_entropy 27.0564
step 249, cross_entropy 25.7779
step 254, cross_entropy 24.6889
step 259, cross_entropy 23.7301
step 264, cross_entropy 22.7206
step 269, cross_entropy 21.9123
test accuracy 0
step 274, cross_entropy 21.0951
step 279, cross_entropy 20.0824
step 284, cross_entropy 19.5473
step 289, cross_entropy 18.6423
step 294, cross_entropy 17.9175
step 299, cross_entropy 17.1827
test accuracy 0
step 304, cross_entropy 16.5373
step 309, cross_entropy 15.9403
step 314, cross_entropy 15.3658
step 319, cross_entropy 14.8557
step 324, cross_entropy 14.3207
step 329, cross_entropy 13.9029
test accuracy 0
step 334, cross_entropy 13.2981
step 339, cross_entropy 12.8955
step 344, cross_entropy 12.5836
step 349, cross_entropy 12.142
step 354, cross_entropy 11.6589
step 359, cross_entropy 11.3141
test accuracy 0.03125
step 364, cross_entropy 10.9427
step 369, cross_entropy 10.6055
step 374, cross_entropy 10.388
step 379, cross_entropy 9.90422
step 384, cross_entropy 9.80322
step 389, cross_entropy 9.37766
test accuracy 0.0625
step 394, cross_entropy 9.16058
step 399, cross_entropy 8.94342
step 404, cross_entropy 8.82525
step 409, cross_entropy 8.58765
step 414, cross_entropy 8.38685
step 419, cross_entropy 8.10124
test accuracy 0.0625
step 424, cross_entropy 7.93097
step 429, cross_entropy 7.73171
step 434, cross_entropy 7.5567
step 439, cross_entropy 7.35586
step 444, cross_entropy 7.15569
step 449, cross_entropy 7.22132
test accuracy 0
step 454, cross_entropy 7.00392
step 459, cross_entropy 6.85082
step 464, cross_entropy 6.69854
Enter username for Password Protected at www.shihtzudog.com: step 469, cross_entropy 6.54453
step 474, cross_entropy 6.42999
step 479, cross_entropy 6.43814
test accuracy 0
step 484, cross_entropy 6.31286
step 489, cross_entropy 6.20334
step 494, cross_entropy 6.0114
step 499, cross_entropy 5.98733
step 504, cross_entropy 5.88101
step 509, cross_entropy 5.76424
test accuracy 0.0625
step 514, cross_entropy 5.79684
step 519, cross_entropy 5.68205
step 524, cross_entropy 5.53378
step 529, cross_entropy 5.54638
step 534, cross_entropy 5.39699
step 539, cross_entropy 5.43305
test accuracy 0.03125
Enter username for Private Area at www.juniorgeo.co.uk: step 544, cross_entropy 5.3782
step 549, cross_entropy 5.26678
step 554, cross_entropy 5.30322
step 559, cross_entropy 5.2438
step 564, cross_entropy 5.11945
step 569, cross_entropy 5.184
test accuracy 0
step 574, cross_entropy 5.18405
step 579, cross_entropy 5.0869
step 584, cross_entropy 5.28196
step 589, cross_entropy 4.8925
step 594, cross_entropy 4.92564
step 599, cross_entropy 4.92417
test accuracy 0.03125
step 604, cross_entropy 4.98769
step 609, cross_entropy 4.75115
step 614, cross_entropy 4.75304
step 619, cross_entropy 4.78337
step 624, cross_entropy 4.76016
step 629, cross_entropy 4.71554
test accuracy 0
step 634, cross_entropy 4.70874
step 639, cross_entropy 4.65518
step 644, cross_entropy 4.61355
Enter username for sloo.com at sloo.com: step 649, cross_entropy 4.58101
step 654, crossE tensorflow/core/client/tensor_c_api.cc:485] FetchOutputs node random_shuffle_queue_1_Dequeue_85/random_shuffle_queue_1_Dequeue_3/random_shuffle_queue_Dequeue_19/random_shuffle_queue_Dequeue/random_shuffle_queue_1_Dequeue/random_shuffle_queue_Dequeue/random_shuffle_queue_Dequeue_15/random_shuffle_queue_Dequeue/random_shuffle_queue_1_Dequeue/random_shuffle_queue_1_Dequeue_1/random_shuffle_queue_1_Dequeue/random_shuffle_queue_1_Dequeue_2/random_shuffle_queue_Dequeue_10/random_shuffle_queue_1_Dequeue/random_shuffle_queue_1_Dequeue_12/random_shuffle_queue_1_Dequeue_3/random_shuffle_queue_Dequeue/random_shuffle_queue_1_Dequeue_2/random_shuffle_queue_Dequeue/random_shuffle_queue_1_Dequeue/random_shuffle_queue_Dequeue/random_shuffle_queue_Dequeue_4/random_shuffle_queue_1_Dequeue_8/random_shuffle_queue_1_Dequeue_2/random_shuffle_queue_1_Dequeue/random_shuffle_queue_Dequeue/random_shuffle_queue_Dequeue/random_shuffle_queue_1_Dequeue/random_shuffle_queue_Dequeue_11/random_shuffle_queue_1_Dequeue_1/random_shuffle_queue_Dequeue_7/random_shuffle_queue_1_Dequeue_2/random_shuffle_queue_Dequeue/random_shuffle_queue_Dequeue/random_shuffle_queue_1_Dequeue/random_shuffle_queue_Dequeue/random_shuffle_queue_Dequeue/random_shuffle_queue_1_Dequeue/random_shuffle_queue_1_Dequeue/random_shuffle_queue_1_Dequeue/random_shuffle_queue_Dequeue/random_shuffle_queue_1_Dequeue/random_shuffle_queue_1_Dequeue_14/random_shuffle_queue_Dequeue/random_shuffle_queue_1_Dequeue/random_shuffle_queue_Dequeue_3/random_shuffle_queue_Dequeue/random_shuffle_queue_Dequeue/random_shuffle_queue_Dequeue_1/random_shuffle_queue_1_Dequeue_6/random_shuffle_queue_Dequeue_3/random_shuffle_queue_1_Dequeue/random_shuffle_queue_1_Dequeue/random_shuffle_queue_1_Dequeue/random_shuffle_queue_1_Dequeue/random_shuffle_queue_1_Dequeue/random_shuffle_queue_1_Dequeue/random_shuffle_queue_Dequeue/random_shuffle_queue_Dequeue_5/random_shuffle_queue_1_Dequeue/random_shuffle_queue_Dequeue/random_shuffle_queue_Dequeue/random_shuffle_queue_Dequeue_3/random_shuffle_queue_1_Dequeue/random_shuffle_queue_Dequeue_1/random_shuffle_queue_Dequeue/random_shuffle_queue_1_Dequeue_13/random_shuffle_queue_1_Dequeue/random_shuffle_queue_1_Dequeue/random_shuffle_queue_1_Dequeue/random_shuffle_queue_1_Dequeue_1/random_shuffle_queue_Dequeue_9/random_shuffle_queue_1_Dequeue/random_shuffle_queue_Dequeue/random_shuffle_queue_Dequeue_2/random_shuffle_queue_Dequeue_12/random_shuffle_queue_Dequeue/random_shuffle_queue_1_Dequeue/random_shuffle_queue_Dequeue_5/random_shuffle_queue_Dequeue/random_shuffle_queue_1_Dequeue/random_shuffle_queue_1_Dequeue/random_shuffle_queue_1_Dequeue/random_shuffle_queue_1_Dequeue_1/random_shuffle_queue_1_Dequeue_11/random_shuffle_queue_Dequeue_5/random_shuffle_queue_1_Dequeue/random_shuffle_queue_1_Dequeue_1/random_shuffle_queue_1_Dequeue_6/random_shuffle_queue_1_Dequeue/random_shuffle_queue_1_Dequeue_4/random_shuffle_queue_Dequeue_6/random_shuffle_queue_Dequeue_3/random_shuffle_queue_Dequeue/random_shuffle_queue_1_Dequeue/random_shuffle_queue_1_Dequeue_12/random_shuffle_queue_1_Dequeue_2/random_shuffle_queue_Dequeue/random_shuffle_queue_Dequeue/random_shuffle_queue_1_Dequeue_16/random_shuffle_queue_Dequeue/random_shuffle_queue_1_Dequeue_13/random_shuffle_queue_Dequeue_3/random_shuffle_queue_1_Dequeue_15/random_shuffle_queue_Dequeue/random_shuffle_queue_Dequeue/random_shuffle_queue_1_Dequeue_1/random_shuffle_queue_Dequeue_5/random_shuffle_queue_Dequeue/random_shuffle_queue_Dequeue_2/random_shuffle_queue_Dequeue_7/random_shuffle_queue_Dequeue/random_shuffle_queue_1_Dequeue/random_shuffle_queue_1_Dequeue/random_shuffle_queue_1_Dequeue/random_shuffle_queue_Dequeue/random_shuffle_queue_Dequeue/random_shuffle_queue_Dequeue/random_shuffle_queue_1_Dequeue_8/random_shuffle_queue_Dequeue/random_shuffle_queue_Dequeue/random_shuffle_queue_Dequeue/random_shuffle_queue_1_Dequeue_17/random_shuffle_queue_Dequeue_1/random_shuffle_queue_1_Dequeue_15/random_shuffle_queue_1_Dequeue/random_shuffle_queue_Dequeue_5/random_shuffle_queue_Dequeue_9/random_shuffle_queue_1_Dequeue/random_shuffle_queue_1_Dequeue/random_shuffle_queue_Dequeue/random_shuffle_queue_Dequeue_9/random_shuffle_queue_1_Dequeue/random_shuffle_queue_Dequeue/random_shuffle_queue_1_Dequeue_1/random_shuffle_queue_Dequeue_2/random_shuffle_queue_1_Dequeue_2/random_shuffle_queue_1_Dequeue_9/random_shuffle_queue_Dequeue_1/random_shuffle_queue_1_Dequeue/random_shuffle_queue_1_Dequeue/random_shuffle_queue_1_Dequeue/random_shuffle_queue_Dequeue_3/random_shuffle_queue_Dequeue_6/random_shuffle_queue_Dequeue/random_shuffle_queue_1_Dequeue_2/random_shuffle_queue_1_Dequeue_19/random_shuffle_queue_1_Dequeue/random_shuffle_queue_Dequeue_2/random_shuffle_queue_1_Dequeue_2/random_shuffle_queue_Dequeue/random_shuffle_queue_1_Dequeue_2/random_shuffle_queue_Dequeue/random_shuffle_queue_1_Dequeue_12/random_shuffle_queue_Dequeue_1/random_shuffle_queue_1_Dequeue_2/random_shuffle_queue_1_Dequeue_7/random_shuffle_queue_1_Dequeue_1/random_shuffle_queue_1_Dequeue/random_shuffle_queue_Dequeue_1/random_shuffle_queue_Dequeue_4/random_shuffle_queue_1_Dequeue/random_shuffle_queue_1_Dequeue_14/random_shuffle_queue_Dequeue/random_shuffle_queue_Dequeue/random_shuffle_queue_Dequeue_14/random_shuffle_queue_Dequeue/random_shuffle_queue_1_Dequeue/random_shuffle_queue_1_Dequeue_7/random_shuffle_queue_Dequeue_1/random_shuffle_queue_Dequeue/random_shuffle_queue_1_Dequeue_12/random_shuffle_queue_1_Dequeue/random_shuffle_queue_Dequeue_32/random_shuffle_queue_Dequeue_3/random_shuffle_queue_1_Dequeue/random_shuffle_queue_1_Dequeue_14/random_shuffle_queue_Dequeue_17/random_shuffle_queue_Dequeue/random_shuffle_queue_Dequeue_1/random_shuffle_queue_Dequeue_10/random_shuffle_queue_1_Dequeue_1/random_shuffle_queue_1_Dequeue/random_shuffle_queue_Dequeue/random_shuffle_queue_1_Dequeue/random_shuffle_queue_Dequeue_7/random_shuffle_queue_1_Dequeue_1/random_shuffle_queue_1_Dequeue/random_shuffle_queue_Dequeue_7/random_shuffle_queue_Dequeue/random_shuffle_queue_Dequeue/random_shuffle_queue_Dequeue_5/random_shuffle_queue_1_Dequeue/random_shuffle_queue_Dequeue_7/random_shuffle_queue_Dequeue/random_shuffle_queue_1_Dequeue_14/random_shuffle_queue_1_Dequeue_7/random_shuffle_queue_Dequeue/random_shuffle_queue_1_Dequeue/random_shuffle_queue_1_Dequeue_1/random_shuffle_queue_1_Dequeue/random_shuffle_queue_Dequeue_14/random_shuffle_queue_1_Dequeue_1/random_shuffle_queue_1_Dequeue_16/random_shuffle_queue_1_Dequeue/random_shuffle_queue_1_Dequeue/random_shuffle_queue_Dequeue_3/random_shuffle_queue_Dequeue_7/random_shuffle_queue_Dequeue_1/random_shuffle_queue_Dequeue/random_shuffle_queue_Dequeue/random_shuffle_queue_Dequeue/random_shuffle_queue_1_Dequeue/random_shuffle_queue_1_Dequeue_12/random_shuffle_queue_1_Dequeue_3/random_shuffle_queue_1_Dequeue_11/random_shuffle_queue_Dequeue/random_shuffle_queue_Dequeue/random_shuffle_queue_Dequeue_15/random_shuffle_queue_Dequeue/random_shuffle_queue_Dequeue_1/random_shuffle_queue_Dequeue_9/random_shuffle_queue_1_Dequeue/random_shuffle_queue_Dequeue_1/random_shuffle_queue_Dequeue/random_shuffle_queue_Dequeue_9/random_shuffle_queue_Dequeue_1/random_shuffle_queue_1_Dequeue/random_shuffle_queue_Dequeue/random_shuffle_queue_Dequeue/random_shuffle_queue_Dequeue/random_shuffle_queue_Dequeue/random_shuffle_queue_1_Dequeue/random_shuffle_queue_Dequeue_17/random_shuffle_queue_1_Dequeue_6/random_shuffle_queue_Dequeue_1/random_shuffle_queue_1_Dequeue/random_shuffle_queue_1_Dequeue/random_shuffle_queue_Dequeue/random_shuffle_queue_Dequeue/random_shuffle_queue_Dequeue/random_shuffle_queue_1_Dequeue_11/random_shuffle_queue_1_Dequeue/random_shuffle_queue_Dequeue_1/random_shuffle_queue_Dequeue_16/random_shuffle_queue_Dequeue/random_shuffle_queue_1_Dequeue/random_shuffle_queue_1_Dequeue/random_shuffle_queue_1_Dequeue/random_shuffle_queue_Dequeue/random_shuffle_queue_1_Dequeue/random_shuffle_queue_Dequeue_10/random_shuffle_queue_1_Dequeue_18/random_shuffle_queue_1_Dequeue_5/random_shuffle_queue_1_Dequeue_3/random_shuffle_queue_Dequeue_13/random_shuffle_queue_Dequeue/random_shuffle_queue_Dequeue/random_shuffle_queue_Dequeue_2/random_shuffle_queue_Dequeue_6/random_shuffle_queue_Dequeue/random_shuffle_queue_1_Dequeue_1/random_shuffle_queue_Dequeue/random_shuffle_queue_Dequeue_2/random_shuffle_queue_Dequeue/random_shuffle_queue_Dequeue_5/random_shuffle_queue_Dequeue_2/random_shuffle_queue_1_Dequeue/random_shuffle_queue_Dequeue/random_shuffle_queue_Dequeue/random_shuffle_queue_1_Dequeue/random_shuffle_queue_1_Dequeue/random_shuffle_queue_Dequeue_9/random_shuffle_queue_Dequeue/random_shuffle_queue_Dequeue/random_shuffle_queue_1_Dequeue_1/random_shuffle_queue_Dequeue/random_shuffle_queue_Dequeue/random_shuffle_queue_Dequeue/random_shuffle_queue_1_Dequeue_1/random_shuffle_queue_1_Dequeue_1/random_shuffle_queue_1_Dequeue/random_shuffle_queue_Dequeue_10/random_shuffle_queue_Dequeue/random_shuffle_queue_Dequeue_3/random_shuffle_queue_1_Dequeue/random_shuffle_queue_1_Dequeue_13/random_shuffle_queue_Dequeue/random_shuffle_queue_Dequeue_12/random_shuffle_queue_Dequeue/random_shuffle_queue_1_Dequeue_16/random_shuffle_queue_1_Dequeue_1/random_shuffle_queue_1_Dequeue_9/random_shuffle_queue_1_Dequeue_12/random_shuffle_queue_1_Dequeue_23/random_shuffle_queue_1_Dequeue_70/random_shuffle_queue_Dequeue_2611/random_shuffle_queue_1_Dequeue_4/random_shuffle_queue_Dequeue_2735/random_shuffle_queue_1_Dequeue_17/random_shuffle_queue_Dequeue_4077/random_shuffle_queue_Dequeue_305/random_shuffle_queue_Dequeue_1069/random_shuffle_queue_Dequeue_976/random_shuffle_queue_1_Dequeue_16/random_shuffle_queue_1_Dequeue_3/random_shuffle_queue_Dequeue_2656/random_shuffle_queue_1_Dequeue_24/random_shuffle_queue_1_Dequeue_1/random_shuffle_queue_Dequeue_1328/random_shuffle_queue_Dequeue_2054/random_shuffle_queue_Dequeue_644/random_shuffle_queue_1_Dequeue_111/random_shuffle_queue_1_Dequeue_5/random_shuffle_queue_1_Dequeue_42/random_shuffle_queue_Dequeue_1329/random_shuffle_queue_Dequeue_99/random_shuffle_queue_Dequeue_1168/random_shuffle_queue_1_Dequeue_33/random_shuffle_queue_Dequeue_1308/random_shuffle_queue_1_Dequeue_3/random_shuffle_queue_Dequeue_1027/random_shuffle_queue_1_Dequeue_6/random_shuffle_queue_1_Dequeue_33/random_shuffle_queue_1_Dequeue_2/random_shuffle_queue_Dequeue_3/random_shuffle_queue_1_Dequeue_43/random_shuffle_queue_Dequeue_1247/random_shuffle_queue_Dequeue_13/random_shuffle_queue_Dequeue_3/random_shuffle_queue_Dequeue_965/random_shuffle_queue_Dequeue_1549/random_shuffle_queue_Dequeue_11:0: not found
E tensorflow/core/client/tensor_c_api.cc:485] FetchOutputs node random_shuffle_queue_1_Dequeue_85/random_shuffle_queue_1_Dequeue_3/random_shuffle_queue_Dequeue_19/random_shuffle_queue_Dequeue/random_shuffle_queue_1_Dequeue/random_shuffle_queue_Dequeue/random_shuffle_queue_Dequeue_15/random_shuffle_queue_Dequeue/random_shuffle_queue_1_Dequeue/random_shuffle_queue_1_Dequeue_1/random_shuffle_queue_1_Dequeue/random_shuffle_queue_1_Dequeue_2/random_shuffle_queue_Dequeue_10/random_shuffle_queue_1_Dequeue/random_shuffle_queue_1_Dequeue_12/random_shuffle_queue_1_Dequeue_3/random_shuffle_queue_Dequeue/random_shuffle_queue_1_Dequeue_2/random_shuffle_queue_Dequeue/random_shuffle_queue_1_Dequeue/random_shuffle_queue_Dequeue/random_shuffle_queue_Dequeue_4/random_shuffle_queue_1_Dequeue_8/random_shuffle_queue_1_Dequeue_2/random_shuffle_queue_1_Dequeue/random_shuffle_queue_Dequeue/random_shuffle_queue_Dequeue/random_shuffle_queue_1_Dequeue/random_shuffle_queue_Dequeue_11/random_shuffle_queue_1_Dequeue_1/random_shuffle_queue_Dequeue_7/random_shuffle_queue_1_Dequeue_2/random_shuffle_queue_Dequeue/random_shuffle_queue_Dequeue/random_shuffle_queue_1_Dequeue/random_shuffle_queue_Dequeue/random_shuffle_queue_Dequeue/random_shuffle_queue_1_Dequeue/random_shuffle_queue_1_Dequeue/random_shuffle_queue_1_Dequeue/random_shuffle_queue_Dequeue/random_shuffle_queue_1_Dequeue/random_shuffle_queue_1_Dequeue_14/random_shuffle_queue_Dequeue/random_shuffle_queue_1_Dequeue/random_shuffle_queue_Dequeue_3/random_shuffle_queue_Dequeue/random_shuffle_queue_Dequeue/random_shuffle_queue_Dequeue_1/random_shuffle_queue_1_Dequeue_6/random_shuffle_queue_Dequeue_3/random_shuffle_queue_1_Dequeue/random_shuffle_queue_1_Dequeue/random_shuffle_queue_1_Dequeue/random_shuffle_queue_1_Dequeue/random_shuffle_queue_1_Dequeue/random_shuffle_queue_1_Dequeue/random_shuffle_queue_Dequeue/random_shuffle_queue_Dequeue_5/random_shuffle_queue_1_Dequeue/random_shuffle_queue_Dequeue/random_shuffle_queue_Dequeue/random_shuffle_queue_Dequeue_3/random_shuffle_queue_1_Dequeue/random_shuffle_queue_Dequeue_1/random_shuffle_queue_Dequeue/random_shuffle_queue_1_Dequeue_13/random_shuffle_queue_1_Dequeue/random_shuffle_queue_1_Dequeue/random_shuffle_queue_1_Dequeue/random_shuffle_queue_1_Dequeue_1/random_shuffle_queue_Dequeue_9/random_shuffle_queue_1_Dequeue/random_shuffle_queue_Dequeue/random_shuffle_queue_Dequeue_2/random_shuffle_queue_Dequeue_12/random_shuffle_queue_Dequeue/random_shuffle_queue_1_Dequeue/random_shuffle_queue_Dequeue_5/random_shuffle_queue_Dequeue/random_shuffle_queue_1_Dequeue/random_shuffle_queue_1_Dequeue/random_shuffle_queue_1_Dequeue/random_shuffle_queue_1_Dequeue_1/random_shuffle_queue_1_Dequeue_11/random_shuffle_queue_Dequeue_5/random_shuffle_queue_1_Dequeue/random_shuffle_queue_1_Dequeue_1/random_shuffle_queue_1_Dequeue_6/random_shuffle_queue_1_Dequeue/random_shuffle_queue_1_Dequeue_4/random_shuffle_queue_Dequeue_6/random_shuffle_queue_Dequeue_3/random_shuffle_queue_Dequeue/random_shuffle_queue_1_Dequeue/random_shuffle_queue_1_Dequeue_12/random_shuffle_queue_1_Dequeue_2/random_shuffle_queue_Dequeue/random_shuffle_queue_Dequeue/random_shuffle_queue_1_Dequeue_16/random_shuffle_queue_Dequeue/random_shuffle_queue_1_Dequeue_13/random_shuffle_queue_Dequeue_3/random_shuffle_queue_1_Dequeue_15/random_shuffle_queue_Dequeue/random_shuffle_queue_Dequeue/random_shuffle_queue_1_Dequeue_1/random_shuffle_queue_Dequeue_5/random_shuffle_queue_Dequeue/random_shuffle_queue_Dequeue_2/random_shuffle_queue_Dequeue_7/random_shuffle_queue_Dequeue/random_shuffle_queue_1_Dequeue/random_shuffle_queue_1_Dequeue/random_shuffle_queue_1_Dequeue/random_shuffle_queue_Dequeue/random_shuffle_queue_Dequeue/random_shuffle_queue_Dequeue/random_shuffle_queue_1_Dequeue_8/random_shuffle_queue_Dequeue/random_shuffle_queue_Dequeue/random_shuffle_queue_Dequeue/random_shuffle_queue_1_Dequeue_17/random_shuffle_queue_Dequeue_1/random_shuffle_queue_1_Dequeue_15/random_shuffle_queue_1_Dequeue/random_shuffle_queue_Dequeue_5/random_shuffle_queue_Dequeue_9/random_shuffle_queue_1_Dequeue/random_shuffle_queue_1_Dequeue/random_shuffle_queue_Dequeue/random_shuffle_queue_Dequeue_9/random_shuffle_queue_1_Dequeue/random_shuffle_queue_Dequeue/random_shuffle_queue_1_Dequeue_1/random_shuffle_queue_Dequeue_2/random_shuffle_queue_1_Dequeue_2/random_shuffle_queue_1_Dequeue_9/random_shuffle_queue_Dequeue_1/random_shuffle_queue_1_Dequeue/random_shuffle_queue_1_Dequeue/random_shuffle_queue_1_Dequeue/random_shuffle_queue_Dequeue_3/random_shuffle_queue_Dequeue_6/random_shuffle_queue_Dequeue/random_shuffle_queue_1_Dequeue_2/random_shuffle_queue_1_Dequeue_19/random_shuffle_queue_1_Dequeue/random_shuffle_queue_Dequeue_2/random_shuffle_queue_1_Dequeue_2/random_shuffle_queue_Dequeue/random_shuffle_queue_1_Dequeue_2/random_shuffle_queue_Dequeue/random_shuffle_queue_1_Dequeue_12/random_shuffle_queue_Dequeue_1/random_shuffle_queue_1_Dequeue_2/random_shuffle_queue_1_Dequeue_7/random_shuffle_queue_1_Dequeue_1/random_shuffle_queue_1_Dequeue/random_shuffle_queue_Dequeue_1/random_shuffle_queue_Dequeue_4/random_shuffle_queue_1_Dequeue/random_shuffle_queue_1_Dequeue_14/random_shuffle_queue_Dequeue/random_shuffle_queue_Dequeue/random_shuffle_queue_Dequeue_14/random_shuffle_queue_Dequeue/random_shuffle_queue_1_Dequeue/random_shuffle_queue_1_Dequeue_7/random_shuffle_queue_Dequeue_1/random_shuffle_queue_Dequeue/random_shuffle_queue_1_Dequeue_12/random_shuffle_queue_1_Dequeue/random_shuffle_queue_Dequeue_32/random_shuffle_queue_Dequeue_3/random_shuffle_queue_1_Dequeue/random_shuffle_queue_1_Dequeue_14/random_shuffle_queue_Dequeue_17/random_shuffle_queue_Dequeue/random_shuffle_queue_Dequeue_1/random_shuffle_queue_Dequeue_10/random_shuffle_queue_1_Dequeue_1/random_shuffle_queue_1_Dequeue/random_shuffle_queue_Dequeue/random_shuffle_queue_1_Dequeue/random_shuffle_queue_Dequeue_7/random_shuffle_queue_1_Dequeue_1/random_shuffle_queue_1_Dequeue/random_shuffle_queue_Dequeue_7/random_shuffle_queue_Dequeue/random_shuffle_queue_Dequeue/random_shuffle_queue_Dequeue_5/random_shuffle_queue_1_Dequeue/random_shuffle_queue_Dequeue_7/random_shuffle_queue_Dequeue/random_shuffle_queue_1_Dequeue_14/random_shuffle_queue_1_Dequeue_7/random_shuffle_queue_Dequeue/random_shuffle_queue_1_Dequeue/random_shuffle_queue_1_Dequeue_1/random_shuffle_queue_1_Dequeue/random_shuffle_queue_Dequeue_14/random_shuffle_queue_1_Dequeue_1/random_shuffle_queue_1_Dequeue_16/random_shuffle_queue_1_Dequeue/random_shuffle_queue_1_Dequeue/random_shuffle_queue_Dequeue_3/random_shuffle_queue_Dequeue_7/random_shuffle_queue_Dequeue_1/random_shuffle_queue_Dequeue/random_shuffle_queue_Dequeue/random_shuffle_queue_Dequeue/random_shuffle_queue_1_Dequeue/random_shuffle_queue_1_Dequeue_12/random_shuffle_queue_1_Dequeue_3/random_shuffle_queue_1_Dequeue_11/random_shuffle_queue_Dequeue/random_shuffle_queue_Dequeue/random_shuffle_queue_Dequeue_15/random_shuffle_queue_Dequeue/random_shuffle_queue_Dequeue_1/random_shuffle_queue_Dequeue_9/random_shuffle_queue_1_Dequeue/random_shuffle_queue_Dequeue_1/random_shuffle_queue_Dequeue/random_shuffle_queue_Dequeue_9/random_shuffle_queue_Dequeue_1/random_shuffle_queue_1_Dequeue/random_shuffle_queue_Dequeue/random_shuffle_queue_Dequeue/random_shuffle_queue_Dequeue/random_shuffle_queue_Dequeue/random_shuffle_queue_1_Dequeue/random_shuffle_queue_Dequeue_17/random_shuffle_queue_1_Dequeue_6/random_shuffle_queue_Dequeue_1/random_shuffle_queue_1_Dequeue/random_shuffle_queue_1_Dequeue/random_shuffle_queue_Dequeue/random_shuffle_queue_Dequeue/random_shuffle_queue_Dequeue/random_shuffle_queue_1_Dequeue_11/random_shuffle_queue_1_Dequeue/random_shuffle_queue_Dequeue_1/random_shuffle_queue_Dequeue_16/random_shuffle_queue_Dequeue/random_shuffle_queue_1_Dequeue/random_shuffle_queue_1_Dequeue/random_shuffle_queue_1_Dequeue/random_shuffle_queue_Dequeue/random_shuffle_queue_1_Dequeue/random_shuffle_queue_Dequeue_10/random_shuffle_queue_1_Dequeue_18/random_shuffle_queue_1_Dequeue_5/random_shuffle_queue_1_Dequeue_3/random_shuffle_queue_Dequeue_13/random_shuffle_queue_Dequeue/random_shuffle_queue_Dequeue/random_shuffle_queue_Dequeue_2/random_shuffle_queue_Dequeue_6/random_shuffle_queue_Dequeue/random_shuffle_queue_1_Dequeue_1/random_shuffle_queue_Dequeue/random_shuffle_queue_Dequeue_2/random_shuffle_queue_Dequeue/random_shuffle_queue_Dequeue_5/random_shuffle_queue_Dequeue_2/random_shuffle_queue_1_Dequeue/random_shuffle_queue_Dequeue/random_shuffle_queue_Dequeue/random_shuffle_queue_1_Dequeue/random_shuffle_queue_1_Dequeue/random_shuffle_queue_Dequeue_9/random_shuffle_queue_Dequeue/random_shuffle_queue_Dequeue/random_shuffle_queue_1_Dequeue_1/random_shuffle_queue_Dequeue/random_shuffle_queue_Dequeue/random_shuffle_queue_Dequeue/random_shuffle_queue_1_Dequeue_1/random_shuffle_queue_1_Dequeue_1/random_shuffle_queue_1_Dequeue/random_shuffle_queue_Dequeue_10/random_shuffle_queue_Dequeue/random_shuffle_queue_Dequeue_3/random_shuffle_queue_1_Dequeue/random_shuffle_queue_1_Dequeue_13/random_shuffle_queue_Dequeue/random_shuffle_queue_Dequeue_12/random_shuffle_queue_Dequeue/random_shuffle_queue_1_Dequeue_16/random_shuffle_queue_1_Dequeue_1/random_shuffle_queue_1_Dequeue_9/random_shuffle_queue_1_Dequeue_12/random_shuffle_queue_1_Dequeue_23/random_shuffle_queue_1_Dequeue_70/random_shuffle_queue_Dequeue_2611/random_shuffle_queue_1_Dequeue_4/random_shuffle_queue_Dequeue_2735/random_shuffle_queue_1_Dequeue_17/random_shuffle_queue_Dequeue_4077/random_shuffle_queue_Dequeue_305/random_shuffle_queue_Dequeue_1069/random_shuffle_queue_Dequeue_976/random_shuffle_queue_1_Dequeue_16/random_shuffle_queue_1_Dequeue_3/random_shuffle_queue_Dequeue_2656/random_shuffle_queue_1_Dequeue_24/random_shuffle_queue_1_Dequeue_1/random_shuffle_queue_Dequeue_1328/random_shuffle_queue_Dequeue_2054/random_shuffle_queue_Dequeue_644/random_shuffle_queue_1_Dequeue_111/random_shuffle_queue_1_Dequeue_5/random_shuffle_queue_1_Dequeue_42/random_shuffle_queue_Dequeue_1329/random_shuffle_queue_Dequeue_99/random_shuffle_queue_Dequeue_1168/random_shuffle_queue_1_Dequeue_33/random_shuffle_queue_Dequeue_1308/random_shuffle_queue_1_Dequeue_3/random_shuffle_queue_Dequeue_1027/random_shuffle_queue_1_Dequeue_6/random_shuffle_queue_1_Dequeue_33/random_shuffle_queue_1_Dequeue_2/random_shuffle_queue_Dequeue_3/random_shuffle_queue_1_Dequeue_43/random_shuffle_queue_Dequeue_1247/random_shuffle_queue_Dequeue_13/random_shuffle_queue_Dequeue_3/random_shuffle_queue_Dequeue_965/random_shuffle_queue_Dequeue_1549/random_shuffle_queue_1_Dequeue_23/random_shuffle_queue_Dequeue_1232:0: not found
