I tensorflow/stream_executor/dso_loader.cc:108] successfully opened CUDA library libcublas.so locally
I tensorflow/stream_executor/dso_loader.cc:108] successfully opened CUDA library libcudnn.so locally
I tensorflow/stream_executor/dso_loader.cc:108] successfully opened CUDA library libcufft.so locally
I tensorflow/stream_executor/dso_loader.cc:108] successfully opened CUDA library libcuda.so.1 locally
I tensorflow/stream_executor/dso_loader.cc:108] successfully opened CUDA library libcurand.so locally
Training models.ResNet18_imagenet model
I tensorflow/core/common_runtime/gpu/gpu_init.cc:102] Found device 0 with properties: 
name: Tesla K80
major: 3 minor: 7 memoryClockRate (GHz) 0.8235
pciBusID 0000:05:00.0
Total memory: 11.25GiB
Free memory: 11.13GiB
W tensorflow/stream_executor/cuda/cuda_driver.cc:572] creating context when one is currently active; existing: 0xab64e70
I tensorflow/core/common_runtime/gpu/gpu_init.cc:102] Found device 1 with properties: 
name: Tesla K80
major: 3 minor: 7 memoryClockRate (GHz) 0.8235
pciBusID 0000:06:00.0
Total memory: 11.25GiB
Free memory: 11.13GiB
W tensorflow/stream_executor/cuda/cuda_driver.cc:572] creating context when one is currently active; existing: 0xaf7d610
I tensorflow/core/common_runtime/gpu/gpu_init.cc:102] Found device 2 with properties: 
name: Tesla K80
major: 3 minor: 7 memoryClockRate (GHz) 0.8235
pciBusID 0000:09:00.0
Total memory: 11.25GiB
Free memory: 11.13GiB
W tensorflow/stream_executor/cuda/cuda_driver.cc:572] creating context when one is currently active; existing: 0xb397370
I tensorflow/core/common_runtime/gpu/gpu_init.cc:102] Found device 3 with properties: 
name: Tesla K80
major: 3 minor: 7 memoryClockRate (GHz) 0.8235
pciBusID 0000:0a:00.0
Total memory: 11.25GiB
Free memory: 11.13GiB
W tensorflow/stream_executor/cuda/cuda_driver.cc:572] creating context when one is currently active; existing: 0xb7b4c00
I tensorflow/core/common_runtime/gpu/gpu_init.cc:102] Found device 4 with properties: 
name: Tesla K80
major: 3 minor: 7 memoryClockRate (GHz) 0.8235
pciBusID 0000:84:00.0
Total memory: 11.25GiB
Free memory: 11.13GiB
W tensorflow/stream_executor/cuda/cuda_driver.cc:572] creating context when one is currently active; existing: 0xbbd5ee0
I tensorflow/core/common_runtime/gpu/gpu_init.cc:102] Found device 5 with properties: 
name: Tesla K80
major: 3 minor: 7 memoryClockRate (GHz) 0.8235
pciBusID 0000:85:00.0
Total memory: 11.25GiB
Free memory: 11.13GiB
W tensorflow/stream_executor/cuda/cuda_driver.cc:572] creating context when one is currently active; existing: 0xbffabd0
I tensorflow/core/common_runtime/gpu/gpu_init.cc:102] Found device 6 with properties: 
name: Tesla K80
major: 3 minor: 7 memoryClockRate (GHz) 0.8235
pciBusID 0000:88:00.0
Total memory: 11.25GiB
Free memory: 11.13GiB
W tensorflow/stream_executor/cuda/cuda_driver.cc:572] creating context when one is currently active; existing: 0xc4237a0
I tensorflow/core/common_runtime/gpu/gpu_init.cc:102] Found device 7 with properties: 
name: Tesla K80
major: 3 minor: 7 memoryClockRate (GHz) 0.8235
pciBusID 0000:89:00.0
Total memory: 11.25GiB
Free memory: 11.13GiB
I tensorflow/core/common_runtime/gpu/gpu_init.cc:59] cannot enable peer access from device ordinal 0 to device ordinal 4
I tensorflow/core/common_runtime/gpu/gpu_init.cc:59] cannot enable peer access from device ordinal 0 to device ordinal 5
I tensorflow/core/common_runtime/gpu/gpu_init.cc:59] cannot enable peer access from device ordinal 0 to device ordinal 6
I tensorflow/core/common_runtime/gpu/gpu_init.cc:59] cannot enable peer access from device ordinal 0 to device ordinal 7
I tensorflow/core/common_runtime/gpu/gpu_init.cc:59] cannot enable peer access from device ordinal 1 to device ordinal 4
I tensorflow/core/common_runtime/gpu/gpu_init.cc:59] cannot enable peer access from device ordinal 1 to device ordinal 5
I tensorflow/core/common_runtime/gpu/gpu_init.cc:59] cannot enable peer access from device ordinal 1 to device ordinal 6
I tensorflow/core/common_runtime/gpu/gpu_init.cc:59] cannot enable peer access from device ordinal 1 to device ordinal 7
I tensorflow/core/common_runtime/gpu/gpu_init.cc:59] cannot enable peer access from device ordinal 2 to device ordinal 4
I tensorflow/core/common_runtime/gpu/gpu_init.cc:59] cannot enable peer access from device ordinal 2 to device ordinal 5
I tensorflow/core/common_runtime/gpu/gpu_init.cc:59] cannot enable peer access from device ordinal 2 to device ordinal 6
I tensorflow/core/common_runtime/gpu/gpu_init.cc:59] cannot enable peer access from device ordinal 2 to device ordinal 7
I tensorflow/core/common_runtime/gpu/gpu_init.cc:59] cannot enable peer access from device ordinal 3 to device ordinal 4
I tensorflow/core/common_runtime/gpu/gpu_init.cc:59] cannot enable peer access from device ordinal 3 to device ordinal 5
I tensorflow/core/common_runtime/gpu/gpu_init.cc:59] cannot enable peer access from device ordinal 3 to device ordinal 6
I tensorflow/core/common_runtime/gpu/gpu_init.cc:59] cannot enable peer access from device ordinal 3 to device ordinal 7
I tensorflow/core/common_runtime/gpu/gpu_init.cc:59] cannot enable peer access from device ordinal 4 to device ordinal 0
I tensorflow/core/common_runtime/gpu/gpu_init.cc:59] cannot enable peer access from device ordinal 4 to device ordinal 1
I tensorflow/core/common_runtime/gpu/gpu_init.cc:59] cannot enable peer access from device ordinal 4 to device ordinal 2
I tensorflow/core/common_runtime/gpu/gpu_init.cc:59] cannot enable peer access from device ordinal 4 to device ordinal 3
I tensorflow/core/common_runtime/gpu/gpu_init.cc:59] cannot enable peer access from device ordinal 5 to device ordinal 0
I tensorflow/core/common_runtime/gpu/gpu_init.cc:59] cannot enable peer access from device ordinal 5 to device ordinal 1
I tensorflow/core/common_runtime/gpu/gpu_init.cc:59] cannot enable peer access from device ordinal 5 to device ordinal 2
I tensorflow/core/common_runtime/gpu/gpu_init.cc:59] cannot enable peer access from device ordinal 5 to device ordinal 3
I tensorflow/core/common_runtime/gpu/gpu_init.cc:59] cannot enable peer access from device ordinal 6 to device ordinal 0
I tensorflow/core/common_runtime/gpu/gpu_init.cc:59] cannot enable peer access from device ordinal 6 to device ordinal 1
I tensorflow/core/common_runtime/gpu/gpu_init.cc:59] cannot enable peer access from device ordinal 6 to device ordinal 2
I tensorflow/core/common_runtime/gpu/gpu_init.cc:59] cannot enable peer access from device ordinal 6 to device ordinal 3
I tensorflow/core/common_runtime/gpu/gpu_init.cc:59] cannot enable peer access from device ordinal 7 to device ordinal 0
I tensorflow/core/common_runtime/gpu/gpu_init.cc:59] cannot enable peer access from device ordinal 7 to device ordinal 1
I tensorflow/core/common_runtime/gpu/gpu_init.cc:59] cannot enable peer access from device ordinal 7 to device ordinal 2
I tensorflow/core/common_runtime/gpu/gpu_init.cc:59] cannot enable peer access from device ordinal 7 to device ordinal 3
I tensorflow/core/common_runtime/gpu/gpu_init.cc:126] DMA: 0 1 2 3 4 5 6 7 
I tensorflow/core/common_runtime/gpu/gpu_init.cc:136] 0:   Y Y Y Y N N N N 
I tensorflow/core/common_runtime/gpu/gpu_init.cc:136] 1:   Y Y Y Y N N N N 
I tensorflow/core/common_runtime/gpu/gpu_init.cc:136] 2:   Y Y Y Y N N N N 
I tensorflow/core/common_runtime/gpu/gpu_init.cc:136] 3:   Y Y Y Y N N N N 
I tensorflow/core/common_runtime/gpu/gpu_init.cc:136] 4:   N N N N Y Y Y Y 
I tensorflow/core/common_runtime/gpu/gpu_init.cc:136] 5:   N N N N Y Y Y Y 
I tensorflow/core/common_runtime/gpu/gpu_init.cc:136] 6:   N N N N Y Y Y Y 
I tensorflow/core/common_runtime/gpu/gpu_init.cc:136] 7:   N N N N Y Y Y Y 
I tensorflow/core/common_runtime/gpu/gpu_device.cc:839] Creating TensorFlow device (/gpu:0) -> (device: 0, name: Tesla K80, pci bus id: 0000:05:00.0)
I tensorflow/core/common_runtime/gpu/gpu_device.cc:839] Creating TensorFlow device (/gpu:1) -> (device: 1, name: Tesla K80, pci bus id: 0000:06:00.0)
I tensorflow/core/common_runtime/gpu/gpu_device.cc:839] Creating TensorFlow device (/gpu:2) -> (device: 2, name: Tesla K80, pci bus id: 0000:09:00.0)
I tensorflow/core/common_runtime/gpu/gpu_device.cc:839] Creating TensorFlow device (/gpu:3) -> (device: 3, name: Tesla K80, pci bus id: 0000:0a:00.0)
I tensorflow/core/common_runtime/gpu/gpu_device.cc:839] Creating TensorFlow device (/gpu:4) -> (device: 4, name: Tesla K80, pci bus id: 0000:84:00.0)
I tensorflow/core/common_runtime/gpu/gpu_device.cc:839] Creating TensorFlow device (/gpu:5) -> (device: 5, name: Tesla K80, pci bus id: 0000:85:00.0)
I tensorflow/core/common_runtime/gpu/gpu_device.cc:839] Creating TensorFlow device (/gpu:6) -> (device: 6, name: Tesla K80, pci bus id: 0000:88:00.0)
I tensorflow/core/common_runtime/gpu/gpu_device.cc:839] Creating TensorFlow device (/gpu:7) -> (device: 7, name: Tesla K80, pci bus id: 0000:89:00.0)
Variables are restored from ../../ckpt/models.ResNet18_imagenet/
I tensorflow/core/common_runtime/gpu/pool_allocator.cc:244] PoolAllocator: After 10704 get requests, put_count=4954 evicted_count=1000 eviction_rate=0.201857 and unsatisfied allocation rate=0.639948
I tensorflow/core/common_runtime/gpu/pool_allocator.cc:256] Raising pool_size_limit_ from 100 to 110
I tensorflow/core/common_runtime/gpu/pool_allocator.cc:244] PoolAllocator: After 166 get requests, put_count=4177 evicted_count=4000 eviction_rate=0.957625 and unsatisfied allocation rate=0
I tensorflow/core/common_runtime/gpu/pool_allocator.cc:244] PoolAllocator: After 368 get requests, put_count=1381 evicted_count=1000 eviction_rate=0.724113 and unsatisfied allocation rate=0
I tensorflow/core/common_runtime/gpu/pool_allocator.cc:244] PoolAllocator: After 111 get requests, put_count=5125 evicted_count=5000 eviction_rate=0.97561 and unsatisfied allocation rate=0
step 5, cross_entropy 4.12919
I tensorflow/core/common_runtime/gpu/pool_allocator.cc:244] PoolAllocator: After 15 get requests, put_count=2032 evicted_count=2000 eviction_rate=0.984252 and unsatisfied allocation rate=0
I tensorflow/core/common_runtime/gpu/pool_allocator.cc:244] PoolAllocator: After 10553 get requests, put_count=10375 evicted_count=6000 eviction_rate=0.578313 and unsatisfied allocation rate=0.587226
I tensorflow/core/common_runtime/gpu/pool_allocator.cc:256] Raising pool_size_limit_ from 212 to 233
I tensorflow/core/common_runtime/gpu/pool_allocator.cc:244] PoolAllocator: After 70 get requests, put_count=4093 evicted_count=4000 eviction_rate=0.977278 and unsatisfied allocation rate=0
step 10, cross_entropy 4.21961
I tensorflow/core/common_runtime/gpu/pool_allocator.cc:244] PoolAllocator: After 0 get requests, put_count=2028 evicted_count=2000 eviction_rate=0.986193 and unsatisfied allocation rate=0
I tensorflow/core/common_runtime/gpu/pool_allocator.cc:244] PoolAllocator: After 261 get requests, put_count=1294 evicted_count=1000 eviction_rate=0.772798 and unsatisfied allocation rate=0
I tensorflow/core/common_runtime/gpu/pool_allocator.cc:244] PoolAllocator: After 248 get requests, put_count=5285 evicted_count=5000 eviction_rate=0.946074 and unsatisfied allocation rate=0
step 15, cross_entropy 4.1804
I tensorflow/core/common_runtime/gpu/pool_allocator.cc:244] PoolAllocator: After 55 get requests, put_count=3099 evicted_count=3000 eviction_rate=0.968054 and unsatisfied allocation rate=0
I tensorflow/core/common_runtime/gpu/pool_allocator.cc:244] PoolAllocator: After 0 get requests, put_count=1054 evicted_count=1000 eviction_rate=0.948767 and unsatisfied allocation rate=0
step 20, cross_entropy 4.21342
test accuracy 0.40125
I tensorflow/core/common_runtime/gpu/pool_allocator.cc:244] PoolAllocator: After 10719 get requests, put_count=11151 evicted_count=6000 eviction_rate=0.538068 and unsatisfied allocation rate=0.524956
I tensorflow/core/common_runtime/gpu/pool_allocator.cc:256] Raising pool_size_limit_ from 655 to 720
I tensorflow/core/common_runtime/gpu/pool_allocator.cc:244] PoolAllocator: After 0 get requests, put_count=5072 evicted_count=5000 eviction_rate=0.985804 and unsatisfied allocation rate=0
I tensorflow/core/common_runtime/gpu/pool_allocator.cc:244] PoolAllocator: After 0 get requests, put_count=4087 evicted_count=4000 eviction_rate=0.978713 and unsatisfied allocation rate=0
step 25, cross_entropy 4.02963
I tensorflow/core/common_runtime/gpu/pool_allocator.cc:244] PoolAllocator: After 0 get requests, put_count=4105 evicted_count=4000 eviction_rate=0.974421 and unsatisfied allocation rate=0
I tensorflow/core/common_runtime/gpu/pool_allocator.cc:244] PoolAllocator: After 0 get requests, put_count=4127 evicted_count=4000 eviction_rate=0.969227 and unsatisfied allocation rate=0
I tensorflow/core/common_runtime/gpu/pool_allocator.cc:244] PoolAllocator: After 0 get requests, put_count=4154 evicted_count=4000 eviction_rate=0.962927 and unsatisfied allocation rate=0
step 30, cross_entropy 4.10715
I tensorflow/core/common_runtime/gpu/pool_allocator.cc:244] PoolAllocator: After 0 get requests, put_count=1204 evicted_count=1000 eviction_rate=0.830565 and unsatisfied allocation rate=0
step 35, cross_entropy 4.26255
I tensorflow/core/common_runtime/gpu/pool_allocator.cc:244] PoolAllocator: After 10704 get requests, put_count=10232 evicted_count=3000 eviction_rate=0.293198 and unsatisfied allocation rate=0.34744
I tensorflow/core/common_runtime/gpu/pool_allocator.cc:256] Raising pool_size_limit_ from 2725 to 2997
I tensorflow/core/common_runtime/gpu/pool_allocator.cc:244] PoolAllocator: After 10704 get requests, put_count=11480 evicted_count=3000 eviction_rate=0.261324 and unsatisfied allocation rate=0.238509
I tensorflow/core/common_runtime/gpu/pool_allocator.cc:256] Raising pool_size_limit_ from 3625 to 3987
step 40, cross_entropy 4.16046
test accuracy 0.49875
step 45, cross_entropy 4.24246
step 50, cross_entropy 4.0637
step 55, cross_entropy 4.14505
step 60, cross_entropy 4.18826
test accuracy 0.52875
step 65, cross_entropy 4.06614
step 70, cross_entropy 4.13474
step 75, cross_entropy 4.15692
step 80, cross_entropy 4.18915
test accuracy 0.2725
step 85, cross_entropy 4.10569
step 90, cross_entropy 3.99371
step 95, cross_entropy 4.06047
step 100, cross_entropy 4.0624
test accuracy 0.47
step 105, cross_entropy 4.17531
step 110, cross_entropy 4.15105
step 115, cross_entropy 4.10515
step 120, cross_entropy 4.11777
test accuracy 0.4925
step 125, cross_entropy 4.1559
step 130, cross_entropy 4.13416
step 135, cross_entropy 4.14279
step 140, cross_entropy 4.16551
test accuracy 0.45
step 145, cross_entropy 3.98407
step 150, cross_entropy 4.16172
step 155, cross_entropy 4.11474
step 160, cross_entropy 4.06035
test accuracy 0.56375
step 165, cross_entropy 4.14539
step 170, cross_entropy 4.21758
step 175, cross_entropy 4.06842
step 180, cross_entropy 4.15721
test accuracy 0.5875
step 185, cross_entropy 4.17987
step 190, cross_entropy 4.15865
step 195, cross_entropy 4.01279
step 200, cross_entropy 4.00185
test accuracy 0.40875
step 205, cross_entropy 4.16235
step 210, cross_entropy 4.18691
step 215, cross_entropy 4.03839
step 220, cross_entropy 4.13686
test accuracy 0.59375
step 225, cross_entropy 4.09412
I tensorflow/core/common_runtime/gpu/pool_allocator.cc:244] PoolAllocator: After 1969536 get requests, put_count=1969673 evicted_count=2000 eviction_rate=0.0010154 and unsatisfied allocation rate=0.00124192
step 230, cross_entropy 4.1361
step 235, cross_entropy 4.08504
step 240, cross_entropy 4.02002
test accuracy 0.54625
step 245, cross_entropy 3.96873
step 250, cross_entropy 4.18844
step 255, cross_entropy 4.11634
step 260, cross_entropy 4.17513
test accuracy 0.48625
step 265, cross_entropy 4.1411
step 270, cross_entropy 4.11902
step 275, cross_entropy 4.11739
step 280, cross_entropy 4.13206
test accuracy 0.44125
step 285, cross_entropy 4.11267
step 290, cross_entropy 4.10617
step 295, cross_entropy 4.17285
step 300, cross_entropy 4.13937
test accuracy 0.58125
step 305, cross_entropy 3.99205
step 310, cross_entropy 4.01906
step 315, cross_entropy 4.14069
step 320, cross_entropy 4.08506
test accuracy 0.62875
step 325, cross_entropy 4.07082
step 330, cross_entropy 4.14597
step 335, cross_entropy 4.13735
step 340, cross_entropy 4.04965
test accuracy 0.4875
step 345, cross_entropy 4.05939
step 350, cross_entropy 4.17035
step 355, cross_entropy 4.08234
step 360, cross_entropy 4.08581
test accuracy 0.57625
step 365, cross_entropy 4.07806
step 370, cross_entropy 4.01949
step 375, cross_entropy 4.06652
step 380, cross_entropy 4.07402
test accuracy 0.59875
step 385, cross_entropy 4.03227
step 390, cross_entropy 4.03426
step 395, cross_entropy 4.02255
step 400, cross_entropy 4.16252
test accuracy 0.5675
step 405, cross_entropy 4.06044
step 410, cross_entropy 4.01458
step 415, cross_entropy 4.05929
step 420, cross_entropy 4.08853
test accuracy 0.47375
step 425, cross_entropy 3.9838
step 430, cross_entropy 4.08664
step 435, cross_entropy 4.0132
step 440, cross_entropy 4.07986
test accuracy 0.545
step 445, cross_entropy 4.06836
step 450, cross_entropy 4.07807
step 455, cross_entropy 3.92165
step 460, cross_entropy 4.0024
test accuracy 0.54
step 465, cross_entropy 4.07691
step 470, cross_entropy 4.02767
step 475, cross_entropy 3.99843
step 480, cross_entropy 3.99801
test accuracy 0.60625
step 485, cross_entropy 4.01043
step 490, cross_entropy 4.06495
step 495, cross_entropy 4.12101
step 500, cross_entropy 4.09077
test accuracy 0.5225
Model saved in ../../ckpt/models.ResNet18_imagenet/
step 505, cross_entropy 4.02827
step 510, cross_entropy 4.00861
step 515, cross_entropy 4.15203
step 520, cross_entropy 4.14084
test accuracy 0.5025
step 525, cross_entropy 4.15888
step 530, cross_entropy 4.06437
step 535, cross_entropy 4.11906
step 540, cross_entropy 3.98476
test accuracy 0.4775
step 545, cross_entropy 3.97958
step 550, cross_entropy 3.98672
step 555, cross_entropy 4.00941
step 560, cross_entropy 4.00119
test accuracy 0.3925
step 565, cross_entropy 4.16307
step 570, cross_entropy 4.12255
step 575, cross_entropy 4.11036
step 580, cross_entropy 4.11236
test accuracy 0.5625
step 585, cross_entropy 3.99787
step 590, cross_entropy 4.06824
step 595, cross_entropy 4.04048
step 600, cross_entropy 3.9545
test accuracy 0.54875
step 605, cross_entropy 4.10225
step 610, cross_entropy 4.16111
step 615, cross_entropy 4.06031
step 620, cross_entropy 4.07252
test accuracy 0.555
step 625, cross_entropy 4.05943
step 630, cross_entropy 3.92619
step 635, cross_entropy 4.13931
step 640, cross_entropy 4.10235
test accuracy 0.5975
step 645, cross_entropy 4.06514
step 650, cross_entropy 4.1059
step 655, cross_entropy 4.14774
step 660, cross_entropy 4.10527
test accuracy 0.56375
step 665, cross_entropy 4.06251
step 670, cross_entropy 4.03871
step 675, cross_entropy 4.02424
step 680, cross_entropy 4.02977
test accuracy 0.595
step 685, cross_entropy 4.02377
step 690, cross_entropy 3.97356
step 695, cross_entropy 3.94277
step 700, cross_entropy 4.00837
test accuracy 0.62625
step 705, cross_entropy 4.01989
step 710, cross_entropy 4.06146
step 715, cross_entropy 4.0286
I tensorflow/core/common_runtime/gpu/pool_allocator.cc:244] PoolAllocator: After 7171680 get requests, put_count=7171935 evicted_count=12000 eviction_rate=0.00167319 and unsatisfied allocation rate=0.00171898
step 720, cross_entropy 4.0324
test accuracy 0.485
step 725, cross_entropy 3.88775
step 730, cross_entropy 3.92239
step 735, cross_entropy 4.13532
step 740, cross_entropy 4.08835
test accuracy 0.59625
step 745, cross_entropy 3.99035
step 750, cross_entropy 3.95874
step 755, cross_entropy 4.10928
step 760, cross_entropy 4.04376
test accuracy 0.62625
step 765, cross_entropy 3.93198
step 770, cross_entropy 4.00468
step 775, cross_entropy 3.97732
step 780, cross_entropy 4.07228
test accuracy 0.60625
step 785, cross_entropy 3.9699
step 790, cross_entropy 3.91475
step 795, cross_entropy 3.90828
step 800, cross_entropy 3.91133
test accuracy 0.63375
step 805, cross_entropy 3.98417
step 810, cross_entropy 4.02091
step 815, cross_entropy 3.91396
step 820, cross_entropy 3.98097
test accuracy 0.5475
step 825, cross_entropy 3.94537
step 830, cross_entropy 3.91807
step 835, cross_entropy 4.02877
step 840, cross_entropy 4.09802
test accuracy 0.62625
step 845, cross_entropy 4.0158
step 850, cross_entropy 3.90779
step 855, cross_entropy 3.93962
step 860, cross_entropy 3.92464
test accuracy 0.6225
step 865, cross_entropy 3.90999
step 870, cross_entropy 3.95515
step 875, cross_entropy 3.90794
step 880, cross_entropy 4.07659
test accuracy 0.43125
step 885, cross_entropy 3.96421
step 890, cross_entropy 3.97877
step 895, cross_entropy 4.14136
step 900, cross_entropy 3.92321
test accuracy 0.595
step 905, cross_entropy 3.99827
step 910, cross_entropy 3.94666
step 915, cross_entropy 3.94266
step 920, cross_entropy 3.94965
test accuracy 0.6475
step 925, cross_entropy 4.01405
step 930, cross_entropy 3.95838
step 935, cross_entropy 3.93204
step 940, cross_entropy 3.89123
test accuracy 0.585
step 945, cross_entropy 3.94251
step 950, cross_entropy 3.96628
step 955, cross_entropy 3.95648
step 960, cross_entropy 4.00423
test accuracy 0.57625
step 965, cross_entropy 3.92194
step 970, cross_entropy 3.93985
step 975, cross_entropy 3.88997
step 980, cross_entropy 3.98911
test accuracy 0.69875
step 985, cross_entropy 3.89582
step 990, cross_entropy 4.01769
step 995, cross_entropy 3.93955
step 1000, cross_entropy 3.93158
test accuracy 0.6375
Model saved in ../../ckpt/models.ResNet18_imagenet/
step 1005, cross_entropy 3.98409
step 1010, cross_entropy 3.92111
step 1015, cross_entropy 3.95263
step 1020, cross_entropy 4.08205
test accuracy 0.63125
step 1025, cross_entropy 3.92746
step 1030, cross_entropy 3.9621
step 1035, cross_entropy 4.01195
step 1040, cross_entropy 3.88929
test accuracy 0.63625
step 1045, cross_entropy 3.8466
step 1050, cross_entropy 3.93785
step 1055, cross_entropy 4.01091
step 1060, cross_entropy 3.91281
test accuracy 0.5875
step 1065, cross_entropy 3.88806
step 1070, cross_entropy 3.86774
step 1075, cross_entropy 3.93429
step 1080, cross_entropy 3.84353
test accuracy 0.69
step 1085, cross_entropy 3.9764
step 1090, cross_entropy 3.91822
step 1095, cross_entropy 3.85853
step 1100, cross_entropy 3.9236
test accuracy 0.5475
step 1105, cross_entropy 3.946
step 1110, cross_entropy 3.99828
step 1115, cross_entropy 3.9275
step 1120, cross_entropy 3.93226
test accuracy 0.68375
step 1125, cross_entropy 3.98688
step 1130, cross_entropy 4.06862
step 1135, cross_entropy 3.88499
step 1140, cross_entropy 3.97956
test accuracy 0.63
step 1145, cross_entropy 3.99725
step 1150, cross_entropy 3.96781
step 1155, cross_entropy 3.90454
step 1160, cross_entropy 4.07903
test accuracy 0.64625
step 1165, cross_entropy 3.98113
step 1170, cross_entropy 4.04513
step 1175, cross_entropy 3.9528
step 1180, cross_entropy 3.93753
test accuracy 0.5775
step 1185, cross_entropy 3.90778
step 1190, cross_entropy 3.87264
step 1195, cross_entropy 3.91537
step 1200, cross_entropy 3.9175
test accuracy 0.50125
I tensorflow/core/common_runtime/gpu/pool_allocator.cc:244] PoolAllocator: After 12384528 get requests, put_count=12384724 evicted_count=22000 eviction_rate=0.00177638 and unsatisfied allocation rate=0.00180766
step 1205, cross_entropy 3.9117
step 1210, cross_entropy 3.87258
step 1215, cross_entropy 3.96723
step 1220, cross_entropy 3.9926
test accuracy 0.58625
step 1225, cross_entropy 3.91313
step 1230, cross_entropy 3.97281
step 1235, cross_entropy 4.01872
step 1240, cross_entropy 3.99145
test accuracy 0.60625
step 1245, cross_entropy 3.96072
step 1250, cross_entropy 3.95809
step 1255, cross_entropy 3.86163
step 1260, cross_entropy 3.87878
test accuracy 0.66375
step 1265, cross_entropy 3.96354
step 1270, cross_entropy 3.90745
step 1275, cross_entropy 3.84195
step 1280, cross_entropy 3.90903
test accuracy 0.6225
step 1285, cross_entropy 3.9059
step 1290, cross_entropy 3.85662
step 1295, cross_entropy 3.86439
step 1300, cross_entropy 3.81308
test accuracy 0.6025
step 1305, cross_entropy 3.90903
step 1310, cross_entropy 3.92276
step 1315, cross_entropy 4.00423
step 1320, cross_entropy 4.00917
test accuracy 0.5925
step 1325, cross_entropy 3.95
step 1330, cross_entropy 3.92015
step 1335, cross_entropy 3.99453
step 1340, cross_entropy 3.91152
test accuracy 0.595
step 1345, cross_entropy 3.95289
step 1350, cross_entropy 3.87467
step 1355, cross_entropy 3.86717
step 1360, cross_entropy 3.86638
test accuracy 0.65625
step 1365, cross_entropy 3.94944
step 1370, cross_entropy 3.97295
step 1375, cross_entropy 3.9442
step 1380, cross_entropy 3.94335
test accuracy 0.635
step 1385, cross_entropy 3.87621
step 1390, cross_entropy 3.956
step 1395, cross_entropy 3.88556
step 1400, cross_entropy 3.85753
test accuracy 0.50625
step 1405, cross_entropy 3.83626
step 1410, cross_entropy 3.86034
step 1415, cross_entropy 3.85255
step 1420, cross_entropy 3.94588
test accuracy 0.475
step 1425, cross_entropy 3.88186
step 1430, cross_entropy 3.84653
step 1435, cross_entropy 3.95943
step 1440, cross_entropy 3.9087
test accuracy 0.6425
step 1445, cross_entropy 3.87578
step 1450, cross_entropy 3.80285
step 1455, cross_entropy 3.86676
step 1460, cross_entropy 3.86993
test accuracy 0.68625
step 1465, cross_entropy 3.87504
step 1470, cross_entropy 3.95
step 1475, cross_entropy 3.84567
step 1480, cross_entropy 3.84964
test accuracy 0.68875
step 1485, cross_entropy 3.80436
step 1490, cross_entropy 3.81944
step 1495, cross_entropy 3.70671
step 1500, cross_entropy 3.90975
test accuracy 0.6925
Model saved in ../../ckpt/models.ResNet18_imagenet/
step 1505, cross_entropy 3.83862
step 1510, cross_entropy 3.75163
step 1515, cross_entropy 3.73782
step 1520, cross_entropy 3.79678
test accuracy 0.70875
step 1525, cross_entropy 3.78228
step 1530, cross_entropy 3.8676
step 1535, cross_entropy 3.89372
step 1540, cross_entropy 3.84363
test accuracy 0.555
step 1545, cross_entropy 3.87105
step 1550, cross_entropy 3.80038
step 1555, cross_entropy 3.8791
step 1560, cross_entropy 3.86972
test accuracy 0.66125
step 1565, cross_entropy 3.8364
step 1570, cross_entropy 3.89574
step 1575, cross_entropy 3.82431
step 1580, cross_entropy 3.88877
test accuracy 0.70375
step 1585, cross_entropy 3.86382
I tensorflow/core/common_runtime/gpu/pool_allocator.cc:244] PoolAllocator: After 16484160 get requests, put_count=16484376 evicted_count=32000 eviction_rate=0.00194123 and unsatisfied allocation rate=0.00196352
step 1590, cross_entropy 3.79692
step 1595, cross_entropy 3.86033
step 1600, cross_entropy 3.84233
test accuracy 0.71375
step 1605, cross_entropy 3.88209
step 1610, cross_entropy 3.81008
step 1615, cross_entropy 3.83252
step 1620, cross_entropy 3.75332
test accuracy 0.085
step 1625, cross_entropy 3.78917
step 1630, cross_entropy 3.85619
step 1635, cross_entropy 3.94091
step 1640, cross_entropy 3.83915
test accuracy 0.00375
step 1645, cross_entropy 3.819
step 1650, cross_entropy 3.85609
step 1655, cross_entropy 3.7453
step 1660, cross_entropy 3.85699
test accuracy 0.005
step 1665, cross_entropy 3.87028
step 1670, cross_entropy 3.73715
step 1675, cross_entropy 3.81568
step 1680, cross_entropy 3.75185
test accuracy 0.005
step 1685, cross_entropy 3.82958
step 1690, cross_entropy 3.81197
step 1695, cross_entropy 3.81431
step 1700, cross_entropy 3.93086
test accuracy 0.00125
step 1705, cross_entropy 3.84458
step 1710, cross_entropy 3.90428
step 1715, cross_entropy 3.84574
step 1720, cross_entropy 3.86006
test accuracy 0.00375
step 1725, cross_entropy 3.89499
step 1730, cross_entropy 3.86299
step 1735, cross_entropy 3.93222
step 1740, cross_entropy 3.81888
Model saved in ../../ckpt/models.ResNet18_imagenet/
Traceback (most recent call last):
  File "imagenet_train.py", line 180, in <module>
    tf.app.run()
  File "/usr/local/lib/python2.7/dist-packages/tensorflow/python/platform/app.py", line 30, in run
    sys.exit(main(sys.argv))
  File "imagenet_train.py", line 177, in main
    train()
  File "imagenet_train.py", line 154, in train
    img_batch, lab_batch = val_data.eval_batch(coord=coord)
  File "/home/blueconet/tensorflow/imagenet/src/py/imagenet_input_nq.py", line 54, in eval_batch
    images=[self.random_flip(self.random_resize(image)) for image in images]
  File "/home/blueconet/tensorflow/imagenet/src/py/imagenet_input_nq.py", line 137, in random_flip
    bool_flip=np.random.choice([True,False])
KeyboardInterrupt
